INFO-FLOW: Workspace C:/Users/Sharif/Desktop/simple_CONV_master_AXI2_resize_directive/CNN/solution1 opened at Tue Apr 02 18:04:52 +0430 2019
Execute     config_clock -quiet -name default -period 10 -default=false 
INFO: [SYN 201-201] Setting up clock 'default' with a period of 10ns.
Execute     open_platform DefaultPlatform 
Execute     import_lib D:/Vivado/2018.3/common/technology/xilinx/zynq/zynq 
Execute       source D:/Vivado/2018.3/common/technology/xilinx/common/xilinx.lib 
Execute         source D:/Vivado/2018.3/common/technology/xilinx/interface/xilinx_interface.lib 
Execute           source D:/Vivado/2018.3/common/technology/xilinx/interface/plb46.lib 
Execute           source D:/Vivado/2018.3/common/technology/xilinx/interface/fsl.lib 
Execute           source D:/Vivado/2018.3/common/technology/xilinx/interface/axi4.lib 
Execute           source D:/Vivado/2018.3/common/technology/xilinx/interface/maxi.lib 
Execute           source D:/Vivado/2018.3/common/technology/xilinx/interface/saxilite.lib 
Execute         source D:/Vivado/2018.3/common/technology/xilinx/common/dsp48.lib 
Execute         source D:/Vivado/2018.3/common/technology/xilinx/ip/dds_compiler.lib 
Execute         source D:/Vivado/2018.3/common/technology/xilinx/ip/xfft.lib 
Execute         source D:/Vivado/2018.3/common/technology/xilinx/ip/xfir.lib 
Execute       source D:/Vivado/2018.3/common/technology/xilinx/common/xilinx_old.lib 
Execute       source D:/Vivado/2018.3/common/technology/xilinx/common/xilinx_vivado.lib 
Execute       source D:/Vivado/2018.3/common/technology/xilinx/common/xilinx.hlp 
Execute         source D:/Vivado/2018.3/common/technology/xilinx/common/target_info.tcl 
Execute         source D:/Vivado/2018.3/common/technology/xilinx/interface/xilinx_interface.hlp 
Execute           source D:/Vivado/2018.3/common/technology/xilinx/interface/maxi.hlp 
Execute           source D:/Vivado/2018.3/common/technology/xilinx/interface/saxilite.hlp 
Execute         source D:/Vivado/2018.3/common/technology/xilinx/common/dsp48.hlp 
Execute       source D:/Vivado/2018.3/common/technology/xilinx/zynq/dsp48e1.hlp 
Execute       get_default_platform 
Execute       config_chip_info -quiet -resource  {SLICE 13300}  {LUT 53200}     {FF 106400} {DSP48E 220}   {BRAM 280}  
Execute       config_chip_info -quiet -speed medium 
Execute       source D:/Vivado/2018.3/common/technology/xilinx/common/xilinx.hlp 
Execute         source D:/Vivado/2018.3/common/technology/xilinx/common/target_info.tcl 
Execute         source D:/Vivado/2018.3/common/technology/xilinx/interface/xilinx_interface.hlp 
Execute           source D:/Vivado/2018.3/common/technology/xilinx/interface/maxi.hlp 
Execute           source D:/Vivado/2018.3/common/technology/xilinx/interface/saxilite.hlp 
Execute         source D:/Vivado/2018.3/common/technology/xilinx/common/dsp48.hlp 
Execute     source D:/Vivado/2018.3/common/technology/xilinx/zynq/zynq.gen 
Execute       source D:/Vivado/2018.3/common/technology/xilinx/common/virtex.gen 
Execute         source D:/Vivado/2018.3/common/technology/xilinx/common/xilinx.gen 
Execute           source D:/Vivado/2018.3/common/technology/xilinx/interface/plb46.gen 
Execute           source D:/Vivado/2018.3/common/technology/xilinx/interface/fsl.gen 
Execute           source D:/Vivado/2018.3/common/technology/xilinx/interface/axi4.gen 
Execute           source D:/Vivado/2018.3/common/technology/xilinx/interface/nativeAXI4.gen 
Execute             source D:/Vivado/2018.3/common/technology/xilinx/interface/saxilite.gen 
Execute             source D:/Vivado/2018.3/common/technology/xilinx/interface/maxi.gen 
Execute           source D:/Vivado/2018.3/common/technology/xilinx/scripts/xilinxcoregen.gen 
Execute           source D:/Vivado/2018.3/common/technology/xilinx/interface/XilEDKCoreGen.gen 
Execute           source D:/Vivado/2018.3/common/technology/xilinx/ip/dds_compiler.gen 
Execute           source D:/Vivado/2018.3/common/technology/xilinx/ip/util.gen 
Execute           source D:/Vivado/2018.3/common/technology/xilinx/ip/xfft.gen 
Execute           source D:/Vivado/2018.3/common/technology/xilinx/ip/xfir.gen 
Command         ap_source done; 0.158 sec.
Execute         source D:/Vivado/2018.3/common/technology/xilinx/common/dsp48.gen 
Command       ap_source done; 0.165 sec.
Command     ap_source done; 0.165 sec.
Execute     open_platform DefaultPlatform 
Execute     import_lib D:/Vivado/2018.3/common/technology/xilinx/zynq/zynq_fpv6 
Execute       source D:/Vivado/2018.3/common/technology/xilinx/common/xilinx_fpv7.lib 
Execute         source D:/Vivado/2018.3/common/technology/xilinx/common/xilinx_hp.lib 
Execute       source D:/Vivado/2018.3/common/technology/xilinx/common/xilinx_fpv.hlp 
Execute         source D:/Vivado/2018.3/common/technology/xilinx/common/xilinx.hlp 
Execute           source D:/Vivado/2018.3/common/technology/xilinx/common/target_info.tcl 
Execute           source D:/Vivado/2018.3/common/technology/xilinx/interface/xilinx_interface.hlp 
Execute             source D:/Vivado/2018.3/common/technology/xilinx/interface/maxi.hlp 
Execute             source D:/Vivado/2018.3/common/technology/xilinx/interface/saxilite.hlp 
Execute           source D:/Vivado/2018.3/common/technology/xilinx/common/dsp48.hlp 
Execute       source D:/Vivado/2018.3/common/technology/xilinx/zynq/zynq_hp.hlp 
Execute     source D:/Vivado/2018.3/common/technology/xilinx/zynq/zynq_fpv6.gen 
Execute       source D:/Vivado/2018.3/common/technology/xilinx/common/xilinx_fpv6.gen 
Execute     set_part xc7z020clg484-2 
Execute       add_library xilinx/zynq/zynq:xc7z020:clg484:-2 
Execute         get_default_platform 
Execute         license_isbetapart xc7z020 
Command         license_isbetapart done; error code: 1; 
Execute         get_default_platform 
Execute         config_chip_info -quiet -resource  {SLICE 13300}  {LUT 53200}     {FF 106400} {DSP48E 220}   {BRAM 280}  
Execute         config_chip_info -quiet -speed medium 
Execute       add_library xilinx/zynq/zynq_fpv6 
Execute         get_default_platform 
INFO: [HLS 200-10] Setting target device to 'xc7z020clg484-2'
Execute       get_default_platform 
Execute     get_default_platform 
Execute     config_chip_info -quiet -resource  {SLICE 13300}  {LUT 53200}     {FF 106400} {DSP48E 220}   {BRAM 280}  
Execute     config_chip_info -quiet -speed medium 
Command   open_solution done; 0.283 sec.
Execute   set_part xc7z020clg484-2 -tool vivado 
Execute     add_library xilinx/zynq/zynq:xc7z020:clg484:-2 
Execute       get_default_platform 
Execute       license_isbetapart xc7z020 
Command       license_isbetapart done; error code: 1; 
Execute       get_default_platform 
Execute       config_chip_info -quiet -resource  {SLICE 13300}  {LUT 53200}     {FF 106400} {DSP48E 220}   {BRAM 280}  
Execute       config_chip_info -quiet -speed medium 
Execute     add_library xilinx/zynq/zynq_fpv6 
Execute       get_default_platform 
Execute     get_default_platform 
Execute   create_clock -period 10 -name default 
Execute   csynth_design 
Execute     get_config_compile -effort 
Execute     get_config_compile -enable_clang39 
Execute     get_config_compile -g 
Execute     get_config_compile -lm 
Execute     get_config_compile -ng 
Execute     get_config_compile -opt_fp 
Execute     get_config_compile -skip_cdt 
Execute     get_config_compile -skip_syncheck 
Execute     get_config_compile -skip_transform 
Execute     config_compile -blackbox  
Execute     get_config_compile -keep_printf 
Execute     elaborate -effort=medium -skip_syncheck=0 -keep_printf=0 -lm=0 -skip_cdt=0 -skip_transform=0 -ng=0 -g=0 -opt_fp=0 -from_csynth_design=1 
Execute       get_config_schedule -relax_ii_for_timing 
INFO: [SCHED 204-61] Option 'relax_ii_for_timing' is enabled, will increase II to preserve clock frequency constraints.
Execute       get_config_schedule -suppress_dependence_error_break 
INFO: [HLS 200-10] Analyzing design file 'source/CNN.cpp' ... 
INFO-FLOW: Compiling one TU...
Execute       is_m_axi_addr64 
INFO-FLOW: Handling source/CNN.cpp as C++
Execute       get_default_platform 
Execute       is_encrypted source/CNN.cpp 
Execute       get_default_platform 
INFO-FLOW: Running: GCC PP
INFO-FLOW: Source preprocessing
Execute       clang  -fno-limit-debug-info -gcc-toolchain "D:/Vivado/2018.3/msys" -hls  -fno-exceptions  -D__llvm__  -E "source/CNN.cpp"     -fno-math-errno -c -emit-llvm -O0  -mllvm -disable-llvm-optzns -fno-threadsafe-statics  -fno-use-cxa-atexit  -fno-threadsafe-statics -fno-use-cxa-atexit -D__CLANG_3_1__ -D__cdecl= -DAESL_SYN -D__SYNTHESIS__ -D__HLS_SYN__ -I "D:/Vivado/2018.3/common/technology/autopilot" -I "D:/Vivado/2018.3/common/technology/autopilot/ap_sysc" -include etc/autopilot_ssdm_op.h -D__DSP48E1__  -o "C:/Users/Sharif/Desktop/simple_CONV_master_AXI2_resize_directive/CNN/solution1/.autopilot/db/CNN.pp.0.cpp" 
INFO-FLOW: exec D:/Vivado/2018.3/win64/tools/clang/bin/clang -fno-limit-debug-info -gcc-toolchain D:/Vivado/2018.3/msys -hls -fno-exceptions -D__llvm__ -E source/CNN.cpp -fno-math-errno -c -emit-llvm -O0 -mllvm -disable-llvm-optzns -fno-threadsafe-statics -fno-use-cxa-atexit -fno-threadsafe-statics -fno-use-cxa-atexit -D__CLANG_3_1__ -D__cdecl= -DAESL_SYN -D__SYNTHESIS__ -D__HLS_SYN__ -I D:/Vivado/2018.3/common/technology/autopilot -I D:/Vivado/2018.3/common/technology/autopilot/ap_sysc -include etc/autopilot_ssdm_op.h -D__DSP48E1__ -o C:/Users/Sharif/Desktop/simple_CONV_master_AXI2_resize_directive/CNN/solution1/.autopilot/db/CNN.pp.0.cpp
WARNING: [HLS 200-40] In file included from source/CNN.cpp:1:
In file included from source/CONV.h:5:
D:/Vivado/2018.3/common/technology/autopilot\ap_cint.h:59:2: warning: This header file cannot be used in a C++ design. C-synthesis will fail.  [-W#warnings]
#warning This header file cannot be used in a C++ design. C-synthesis will fail. 
 ^
1 warning generated.
Command       clang done; 0.878 sec.
Execute       tidy_31 xilinx-xfmat-array-geometry C:/Users/Sharif/Desktop/simple_CONV_master_AXI2_resize_directive/CNN/solution1/.autopilot/db/CNN.pp.0.cpp std=gnu++98 
INFO-FLOW: exec D:/Vivado/2018.3/win64/tools/clang-3.9-csynth/bin/tidy-3.1 -header-filter=.* -checks=-*,xilinx-xfmat-array-geometry -quiet -fix C:/Users/Sharif/Desktop/simple_CONV_master_AXI2_resize_directive/CNN/solution1/.autopilot/db/CNN.pp.0.cpp -- -std=gnu++98 -fhls -ferror-limit=0
Command       tidy_31 done; 0.197 sec.
INFO-FLOW: Syntax Checking before pre-processing...
Execute       clang -syntaxcheck -src C:/Users/Sharif/Desktop/simple_CONV_master_AXI2_resize_directive/CNN/solution1/.autopilot/db/CNN.pp.0.cpp  -fno-limit-debug-info -gcc-toolchain "D:/Vivado/2018.3/msys" -hls    -fno-math-errno -c -emit-llvm -O0  -mllvm -disable-llvm-optzns -fno-threadsafe-statics  -fno-use-cxa-atexit  -fno-threadsafe-statics -fno-use-cxa-atexit -D__CLANG_3_1__ -D__cdecl= -DAESL_SYN -D__SYNTHESIS__ -D__HLS_SYN__ -I "D:/Vivado/2018.3/common/technology/autopilot" -I "D:/Vivado/2018.3/common/technology/autopilot/ap_sysc" -include etc/autopilot_ssdm_op.h -D__DSP48E1__  "C:/Users/Sharif/Desktop/simple_CONV_master_AXI2_resize_directive/CNN/solution1/.autopilot/db/CNN.pp.0.cpp"  -o "C:/Users/Sharif/Desktop/simple_CONV_master_AXI2_resize_directive/CNN/solution1/.autopilot/db/useless.bc"  
INFO-FLOW: exec D:/Vivado/2018.3/win64/tools/clang/bin/clang -fno-limit-debug-info -gcc-toolchain D:/Vivado/2018.3/msys -hls -fno-math-errno -c -emit-llvm -O0 -mllvm -disable-llvm-optzns -fno-threadsafe-statics -fno-use-cxa-atexit -fno-threadsafe-statics -fno-use-cxa-atexit -D__CLANG_3_1__ -D__cdecl= -DAESL_SYN -D__SYNTHESIS__ -D__HLS_SYN__ -I D:/Vivado/2018.3/common/technology/autopilot -I D:/Vivado/2018.3/common/technology/autopilot/ap_sysc -include etc/autopilot_ssdm_op.h -D__DSP48E1__ C:/Users/Sharif/Desktop/simple_CONV_master_AXI2_resize_directive/CNN/solution1/.autopilot/db/CNN.pp.0.cpp -o C:/Users/Sharif/Desktop/simple_CONV_master_AXI2_resize_directive/CNN/solution1/.autopilot/db/useless.bc
Command       clang done; 0.876 sec.
INFO-FLOW: Done: GCC PP time: 2 seconds per iteration
Execute       list_core -type functional_unit 
Execute       tidy_31 xilinx-systemc-detector C:/Users/Sharif/Desktop/simple_CONV_master_AXI2_resize_directive/CNN/solution1/.autopilot/db/CNN.pp.0.cpp std=gnu++98 -directive=C:/Users/Sharif/Desktop/simple_CONV_master_AXI2_resize_directive/CNN/solution1/.autopilot/db/.systemc_flag 
INFO-FLOW: exec D:/Vivado/2018.3/win64/tools/clang-3.9-csynth/bin/tidy-3.1 -header-filter=.* -checks=-*,xilinx-systemc-detector -import-directive=C:/Users/Sharif/Desktop/simple_CONV_master_AXI2_resize_directive/CNN/solution1/.autopilot/db/.systemc_flag -quiet -fix-errors C:/Users/Sharif/Desktop/simple_CONV_master_AXI2_resize_directive/CNN/solution1/.autopilot/db/CNN.pp.0.cpp -- -std=gnu++98 -fhls -ferror-limit=0
Command       tidy_31 done; 0.153 sec.
INFO-FLOW: Running: tidy-3.1 CDT preprocess
Execute       tidy_31 xilinx-directive2pragma C:/Users/Sharif/Desktop/simple_CONV_master_AXI2_resize_directive/CNN/solution1/.autopilot/db/CNN.pp.0.cpp std=gnu++98 -directive=C:/Users/Sharif/Desktop/simple_CONV_master_AXI2_resize_directive/CNN/solution1/.autopilot/db/all.directive.json 
INFO-FLOW: exec D:/Vivado/2018.3/win64/tools/clang-3.9-csynth/bin/tidy-3.1 -header-filter=.* -checks=-*,xilinx-directive2pragma -import-directive=C:/Users/Sharif/Desktop/simple_CONV_master_AXI2_resize_directive/CNN/solution1/.autopilot/db/all.directive.json -quiet -fix-errors C:/Users/Sharif/Desktop/simple_CONV_master_AXI2_resize_directive/CNN/solution1/.autopilot/db/CNN.pp.0.cpp -- -std=gnu++98 -fhls -ferror-limit=0
Command       tidy_31 done; 0.152 sec.
Execute       get_config_dataflow -strict_mode 
Execute       ap_eval exec -ignorestderr D:/Vivado/2018.3/win64/tools/clang-3.9-csynth/bin/xilinx-dataflow-lawyer -export-fixes=C:/Users/Sharif/Desktop/simple_CONV_master_AXI2_resize_directive/CNN/solution1/.autopilot/db/xilinx-dataflow-lawyer.CNN.pp.0.cpp.diag.yml C:/Users/Sharif/Desktop/simple_CONV_master_AXI2_resize_directive/CNN/solution1/.autopilot/db/CNN.pp.0.cpp -- -std=gnu++98 -fhls -ferror-limit=0 -fstrict-dataflow > C:/Users/Sharif/Desktop/simple_CONV_master_AXI2_resize_directive/CNN/solution1/.autopilot/db/xilinx-dataflow-lawyer.CNN.pp.0.cpp.out.log 2> C:/Users/Sharif/Desktop/simple_CONV_master_AXI2_resize_directive/CNN/solution1/.autopilot/db/xilinx-dataflow-lawyer.CNN.pp.0.cpp.err.log 
Command       ap_eval done; 0.119 sec.
Execute       tidy_31 -errorcheck xilinx-constantarray-param,xilinx-resource-pragma-transformer,xilinx-xfmat-array-geometry C:/Users/Sharif/Desktop/simple_CONV_master_AXI2_resize_directive/CNN/solution1/.autopilot/db/CNN.pp.0.cpp std=gnu++98 
Execute         ap_eval exec -ignorestderr D:/Vivado/2018.3/win64/tools/clang-3.9-csynth/bin/tidy-3.1 -export-fixes=C:/Users/Sharif/Desktop/simple_CONV_master_AXI2_resize_directive/CNN/solution1/.autopilot/db/tidy-3.1.CNN.pp.0.cpp.diag.yml -header-filter=.* -checks=-*,xilinx-constantarray-param,xilinx-resource-pragma-transformer,xilinx-xfmat-array-geometry -quiet -fix-errors C:/Users/Sharif/Desktop/simple_CONV_master_AXI2_resize_directive/CNN/solution1/.autopilot/db/CNN.pp.0.cpp -- -std=gnu++98 -fhls -ferror-limit=0 > C:/Users/Sharif/Desktop/simple_CONV_master_AXI2_resize_directive/CNN/solution1/.autopilot/db/tidy-3.1.CNN.pp.0.cpp.out.log 2> C:/Users/Sharif/Desktop/simple_CONV_master_AXI2_resize_directive/CNN/solution1/.autopilot/db/tidy-3.1.CNN.pp.0.cpp.err.log 
Command         ap_eval done; 0.373 sec.
Execute         ap_eval exec -ignorestderr D:/Vivado/2018.3/win64/tools/clang-3.9-csynth/bin/xilinx-legacy-rewriter C:/Users/Sharif/Desktop/simple_CONV_master_AXI2_resize_directive/CNN/solution1/.autopilot/db/CNN.pp.0.cpp -- -std=gnu++98 -fhls -ferror-limit=0 > C:/Users/Sharif/Desktop/simple_CONV_master_AXI2_resize_directive/CNN/solution1/.autopilot/db/xilinx-legacy-rewriter.CNN.pp.0.cpp.out.log 2> C:/Users/Sharif/Desktop/simple_CONV_master_AXI2_resize_directive/CNN/solution1/.autopilot/db/xilinx-legacy-rewriter.CNN.pp.0.cpp.err.log 
Command         ap_eval done; 0.143 sec.
Command       tidy_31 done; 0.559 sec.
INFO-FLOW: Done: tidy-3.1 CDT preprocess time: 0.8 seconds per iteration
INFO-FLOW: Pragma Handling...
Execute       tidy_31 xilinx-ssdm-intrinsics-arguments C:/Users/Sharif/Desktop/simple_CONV_master_AXI2_resize_directive/CNN/solution1/.autopilot/db/CNN.pragma.1.cpp std=gnu++98 
INFO-FLOW: exec D:/Vivado/2018.3/win64/tools/clang-3.9-csynth/bin/tidy-3.1 -header-filter=.* -checks=-*,xilinx-ssdm-intrinsics-arguments -quiet -fix-errors C:/Users/Sharif/Desktop/simple_CONV_master_AXI2_resize_directive/CNN/solution1/.autopilot/db/CNN.pragma.1.cpp -- -std=gnu++98 -fhls -ferror-limit=0
Command       tidy_31 done; 0.344 sec.
Execute       get_default_platform 
INFO-FLOW: Processing labels
Execute       clang -src C:/Users/Sharif/Desktop/simple_CONV_master_AXI2_resize_directive/CNN/solution1/.autopilot/db/CNN.pragma.2.cpp  -fno-limit-debug-info -gcc-toolchain D:/Vivado/2018.3/msys -hls -hls-analyze-label -hls-analyze-pragma -fno-exceptions  -D__llvm__  -w  "C:/Users/Sharif/Desktop/simple_CONV_master_AXI2_resize_directive/CNN/solution1/.autopilot/db/CNN.pragma.2.cpp"    -fno-math-errno -c -emit-llvm -O0  -mllvm -disable-llvm-optzns -fno-threadsafe-statics  -fno-use-cxa-atexit -DAESL_SYN -D__SYNTHESIS__ -D__HLS_SYN__ -I "D:/Vivado/2018.3/common/technology/autopilot" -I "D:/Vivado/2018.3/common/technology/autopilot/ap_sysc" -include etc/autopilot_ssdm_op.h -D__DSP48E1__ -g -o "C:/Users/Sharif/Desktop/simple_CONV_master_AXI2_resize_directive/CNN/solution1/.autopilot/db/CNN.bc" 
INFO-FLOW: exec D:/Vivado/2018.3/win64/tools/clang/bin/clang -fno-limit-debug-info -gcc-toolchain D:/Vivado/2018.3/msys -hls -hls-analyze-label -hls-analyze-pragma -fno-exceptions -D__llvm__ -w C:/Users/Sharif/Desktop/simple_CONV_master_AXI2_resize_directive/CNN/solution1/.autopilot/db/CNN.pragma.2.cpp -fno-math-errno -c -emit-llvm -O0 -mllvm -disable-llvm-optzns -fno-threadsafe-statics -fno-use-cxa-atexit -DAESL_SYN -D__SYNTHESIS__ -D__HLS_SYN__ -I D:/Vivado/2018.3/common/technology/autopilot -I D:/Vivado/2018.3/common/technology/autopilot/ap_sysc -include etc/autopilot_ssdm_op.h -D__DSP48E1__ -g -o C:/Users/Sharif/Desktop/simple_CONV_master_AXI2_resize_directive/CNN/solution1/.autopilot/db/CNN.bc
Command       clang done; 0.852 sec.
INFO-FLOW: Linking Debug ...
Execute       llvm-ld C:/Users/Sharif/Desktop/simple_CONV_master_AXI2_resize_directive/CNN/solution1/.autopilot/db/CNN.g.bc -hls-opt -except-internalize CNN -LD:/Vivado/2018.3/win64/lib -lhlsm -lhlsmc++ -o C:/Users/Sharif/Desktop/simple_CONV_master_AXI2_resize_directive/CNN/solution1/.autopilot/db/a.g 
Command       llvm-ld done; 0.878 sec.
INFO: [HLS 200-111] Finished Linking Time (s): cpu = 00:00:01 ; elapsed = 00:00:06 . Memory (MB): peak = 104.570 ; gain = 18.590
INFO: [HLS 200-111] Finished Checking Pragmas Time (s): cpu = 00:00:01 ; elapsed = 00:00:06 . Memory (MB): peak = 104.570 ; gain = 18.590
Execute       get_config_sdx -target 
Execute       opt_and_import_c a -opt_level=2 -skip_syncheck=0 -ng=0 -keep_printf=0 
Execute         cleanup_all_models 
INFO: [HLS 200-10] Starting code transformations ...
Execute         transform -promote-dbg-pointer C:/Users/Sharif/Desktop/simple_CONV_master_AXI2_resize_directive/CNN/solution1/.autopilot/db/a.pp.bc -o C:/Users/Sharif/Desktop/simple_CONV_master_AXI2_resize_directive/CNN/solution1/.autopilot/db/a.pp.0.bc -f 
Execute         llvm-ld C:/Users/Sharif/Desktop/simple_CONV_master_AXI2_resize_directive/CNN/solution1/.autopilot/db/a.pp.0.bc -disable-opt -LD:/Vivado/2018.3/win64/lib -lfloatconversion -o C:/Users/Sharif/Desktop/simple_CONV_master_AXI2_resize_directive/CNN/solution1/.autopilot/db/a.g.0 
Command         llvm-ld done; 0.417 sec.
INFO-FLOW: Running Standard Transforms...
Execute         transform -hls -share-std-xform -demangle-name -inline-byval-memcpy -always-inline -promote-dbg-pointer -interface-preproc -mem2reg -lower-blackbox -scalarrepl -mem2reg -keep-read-access -instcombine -dce -promote-dbg-pointer -bitop-raise -loop-simplify -indvarspre -indvars -loop-simplify -xunroll -constprop -instcombine -simplifycfg -indvars -simplifycfg -dce -globaldce -basicaa -simplifycfg -mem2reg -globalopt -global-constprop -deadargelim -instcombine -simplifycfg -prune-eh -simplifycfg -scalarrepl -instcombine -reassociate -licm -simplifycfg -loop-simplify -indvars -instcombine -simplifycfg -mem2reg -loop-simplify -indvars -instcombine -gvn -gvn -instcombine -adce -break-crit-edges -simplifycfg -loop-delete -global-array-opt -dce -dse -adce -find-syn-modules -top CNN -deadargelim -mem2reg -instcombine -dce -presyn-prepare -auto-rom-infer -interface-preproc -syn-check -check-rec-only -find-region -simplifycfg -func-extr -function-inline -globaldce -mem2reg -instcombine -dce -gvn -globaldce -adce -adse -constprop -instcombine -bit-constprop -instcombine -dce -simplifycfg -bitop-raise -simplifycfg -dce -loop-delete -reassociate -globalopt -global-privatize -mem2reg -dce -global-constprop -pointer-simplify -constprop -dce -func-inst -deadargelim -auto-shift-reg-idiom -promote-dbg-pointer -norm-name C:/Users/Sharif/Desktop/simple_CONV_master_AXI2_resize_directive/CNN/solution1/.autopilot/db/a.g.0.bc -o C:/Users/Sharif/Desktop/simple_CONV_master_AXI2_resize_directive/CNN/solution1/.autopilot/db/a.g.1.bc -f -phase std-opt 
INFO: [XFORM 203-603] Inlining function 'relu' into 'CONV' (source/CNN.cpp:68).
Command         transform done; 0.499 sec.
INFO: [HLS 200-111] Finished Standard Transforms Time (s): cpu = 00:00:02 ; elapsed = 00:00:07 . Memory (MB): peak = 114.703 ; gain = 28.723
INFO: [HLS 200-10] Checking synthesizability ...
INFO-FLOW: Checking Synthesizability 1/2..
Execute         transform -hls -syn-check -check-rec-only -disaggr -scalarrepl -norm-name -dce -mem2reg -instcombine -function-uniquify -directive-preproc -mem2reg -dse -dce -auto-rom-infer -dce -pag -array-normalize -instcombine -dce -warn-fifo-pointer -array-seg-normalize -instcombine -dce -array-flatten -instcombine -dce -array-burst -dce -deadargelim -promote-global-argument -simplifycfg -mem2reg -globaldce -resolve-double-ptr -dce -deadargelim -dce -instcombine -function-inline -globaldce -dce -doublePtrSimplify -doublePtrElim -dce -doublePtrSimplify -promote-dbg-pointer -dce -scalarrepl -dse -adse -instcombine -ptrLegalization -simplifycfg -dce -instcombine -pointer-simplify -ptrArgReplace -dce -instcombine -disaggr -scalarrepl -norm-name -dce -mem2reg -instcombine -ptrLegalization -simplifycfg -deadargelim -instcombine -dce -inst-simplify -function-uniquify -directive-preproc -mem2reg -dse -dce -globaldce -check-dspbuiltin C:/Users/Sharif/Desktop/simple_CONV_master_AXI2_resize_directive/CNN/solution1/.autopilot/db/a.g.1.bc -o C:/Users/Sharif/Desktop/simple_CONV_master_AXI2_resize_directive/CNN/solution1/.autopilot/db/a.g.2.prechk.bc -f 
INFO: [XFORM 203-602] Inlining function 'acc' into 'CNN' (source/CNN.cpp:179) automatically.
Command         transform done; 99.638 sec.
INFO-FLOW: Checking Synthesizability 2/2..
Execute         transform -syn-check C:/Users/Sharif/Desktop/simple_CONV_master_AXI2_resize_directive/CNN/solution1/.autopilot/db/a.g.2.prechk.bc -o C:/Users/Sharif/Desktop/simple_CONV_master_AXI2_resize_directive/CNN/solution1/.autopilot/db/a.g.2.bc -f -phase syn-check 
INFO: [HLS 200-111] Finished Checking Synthesizability Time (s): cpu = 00:01:30 ; elapsed = 00:01:47 . Memory (MB): peak = 161.512 ; gain = 75.531
INFO-FLOW: Compiler optimizing ...
INFO-FLOW: Share syncheck's 1.bc for syn flow: copy C:/Users/Sharif/Desktop/simple_CONV_master_AXI2_resize_directive/CNN/solution1/.autopilot/db/a.g.1.bc to C:/Users/Sharif/Desktop/simple_CONV_master_AXI2_resize_directive/CNN/solution1/.autopilot/db/a.o.1.bc
INFO-FLOW: Presyn 1...
Execute         transform -hls -tmp C:/Users/Sharif/Desktop/simple_CONV_master_AXI2_resize_directive/CNN/solution1/.autopilot/db -interface-port-rename -type-info -function-uniquify -directive-preproc -mem2reg -dse -dce -disaggr -scalarrepl -norm-name -deadargelim -mem2reg -instcombine -dce -simplifycfg -auto-rom-infer -dce -function-uniquify -resource-proc -simplifycfg -mem2reg -globaldce -resolve-double-ptr -dce -deadargelim -dce -instcombine -clib-intrinsic-prepare -dce -func-buffer -dce -pag -array-normalize -func-legal -instcombine -gvn -constprop -dce -ptrArgReplace -mem2reg -instcombine -dce -array-seg-normalize -deadargelim -instcombine -dce -pointer-simplify -dce -port-alignment -dce -interface-preproc -data-pack -instcombine -dce -basicaa -aggr-aa -aggrmodref-aa -aggr-aa -gvn -gvn -basicaa -aggr-aa -aggrmodref-aa -aggr-aa -dse -adse -adce -loop-simplify -indvars -instcombine -gvn -loop-simplify -mem2reg -dce -find-region -instcombine -auto-loop-pipeline -inst-simplify -interface-preproc -cfgopt -instcombine -indvars -auto-loop-unroll -loop-simplify -loop-bound -xunroll -constprop -instcombine -simplifycfg -indvars -simplifycfg -dce -globaldce -clean-region -attach-range -gvn -inst-simplify -constprop -simplifycfg -dce -pointer-simplify -dce -globalopt -constprop -dce -array-promote -constprop -instcombine -dce -ptrArgReplace -mem2reg -instcombine -simplifycfg -dce -auto-par -instcombine -dce -array-transform-check -array-reshape -instcombine -simplifycfg -dce -ptrArgReplace -deadargelim -mem2reg -instcombine -simplifycfg -dce -indvars -loop-simplify -loop-bound -xunroll -constprop -instcombine -simplifycfg -indvars -simplifycfg -dce -globaldce -basicaa -aggr-aa -aggrmodref-aa -aggr-aa -dse -duplicate-dataflow-processes -globaldce -instcombine -array-partition -instcombine -simplifycfg -dce -ptrArgReplace -global-constprop -deadargelim -mem2reg -func-legal -instcombine -dce -global-constprop -deadargelim -mem2reg -instcombine -simplifycfg -dce -merge-param -deadargelim -globalopt -constprop -dce -array-promote -constprop -instcombine -dce -ptrArgReplace -mem2reg -instcombine -simplifycfg -dce -mem-intrinsic-preproc -dce -global-internalize -global-privatize -mem2reg -globaldce -promote-global-argument -ptrArgReplace -mem2reg -instcombine -dce -globalopt -mergereturn -simplify-global-access -mem2reg -dce -pointer-simplify -dce -functionattrs -basicaa -aggr-aa -aggrmodref-aa -aggr-aa -gvn -gvn -basicaa -aggr-aa -aggrmodref-aa -aggr-aa -dse -adse -adce -inst-simplify -dce -norm-name -function-inline -globaldce -func-inst -constprop -instcombine -simplifycfg -dce -func-legal -dce -loop-bound -arraycheck -bitwidthmin -on-by-dataflow -loop-delete -instcombine -simplifycfg -globaldce -dce -gvn -deadargelim -dce -loop-simplify -clean-region -simplifycfg -propagate-stable-arguments -loop-stream -instcombine -simplifycfg -dce -globaldce -duplicate-dataflow-processes -stream-intrinsic-preproc -dce -check-ap-stream -loop-simplify -eliminate-keepreads -extract-dataflow-in-loop -loop-simplify -dce -gvn -deadargelim -dse -check-dataflow-syntax -legalize-stream-variable -legalize-global -extract-subproc -dce -dead-channel-elimination -canonicalize-gep -globaldce -dce -gvn -deadargelim -annotate-dataflow-channels -scalar-propagation -deadargelim -globaldce -mem2reg -check-dataflow-channels -function-stream -dce -globaldce -prop-fifo-spec -internal-stream-gen -canonicalize-gep -globaldce -dce -gvn -deadargelim -mergereturn -indvars -loop-simplify -instcombine -array-stream -array-seg-normalize -array-partition -func-legal -instcombine -simplifycfg -dce -bundle-memfifo-ops -deadargelim -function-uniquify -directive-preproc -mem2reg -dse -dce -group-axi-access -licm -simplifycfg -dce -loop-delete -norm-name C:/Users/Sharif/Desktop/simple_CONV_master_AXI2_resize_directive/CNN/solution1/.autopilot/db/a.o.1.bc -o C:/Users/Sharif/Desktop/simple_CONV_master_AXI2_resize_directive/CNN/solution1/.autopilot/db/a.o.1.tmp.bc -f 
INFO: [XFORM 203-602] Inlining function 'acc' into 'CNN' automatically.
Command         transform done; 87.363 sec.
INFO-FLOW: Presyn 2...
Execute         transform -hls -keep-callgraph -scalarrepl -mem2reg -port-alignment -attach-range -dce -pipe-mux-gen -indvars -loop-bound -inst-simplify -instcombine -dce -merge-array-access -mem2reg -dce -clean-region -mergereturn -if-conv -instcombine -dce -constprop -basicaa -aggr-aa -aggrmodref-aa -aggr-aa -gvn -gvn -basicaa -aggr-aa -aggrmodref-aa -aggr-aa -dse -adse -adce -scalarrepl -mem2reg -global-constprop -deadargelim -deadargelim -instcombine -dce -simplifycfg -ptrArgReplace -mem2reg -function-inline -globaldce -mem2reg -instcombine -dce -expr-balance -instcombine -dce -bitwidthmin -interface-preproc -directive-preproc -inst-rectify -instcombine -dce -functionattrs -constprop -instcombine -bit-constprop -simplify-global-access -globalopt -globaldce -inst-simplify -instcombine -elimdeaddata -dce -loop-delete -simplifycfg -loop-simplify -auto-burst -norm-name C:/Users/Sharif/Desktop/simple_CONV_master_AXI2_resize_directive/CNN/solution1/.autopilot/db/a.o.1.tmp.bc -o C:/Users/Sharif/Desktop/simple_CONV_master_AXI2_resize_directive/CNN/solution1/.autopilot/db/a.o.2.bc -f -phase presyn 
INFO: [XFORM 203-401] Performing if-conversion on hyperblock from (source/CNN.cpp:52:31) to (source/CNN.cpp:52:25) in function 'CONV'... converting 3 basic blocks.
Command         transform done; 0.144 sec.
INFO: [HLS 200-111] Finished Pre-synthesis Time (s): cpu = 00:02:57 ; elapsed = 00:03:14 . Memory (MB): peak = 168.488 ; gain = 82.508
INFO-FLOW: Building ssdm...
Execute         transform -hls -function-uniquify -auto-function-inline -globaldce -ptrArgReplace -mem2reg -instcombine -dce -reset-lda -loop-simplify -indvars -licm -loop-dep -loop-bound -licm -loop-simplify -flattenloopnest -array-flatten -gvn -instcombine -dce -array-map -dce -func-legal -gvn -adce -instcombine -cfgopt -simplifycfg -loop-simplify -array-burst -promote-global-argument -dce -axi4-lower -array-seg-normalize -basicaa -aggrmodref-aa -globalsmodref-aa -aggr-aa -gvn -gvn -basicaa -aggrmodref-aa -globalsmodref-aa -aggr-aa -dse -adse -adce -licm -inst-simplify -dce -globaldce -instcombine -array-stream -eliminate-keepreads -instcombine -dce -deadargelim -doublePtrSimplify -doublePtrElim -dce -doublePtrSimplify -promote-dbg-pointer -dce -scalarrepl -mem2reg -disaggr -norm-name -mem2reg -instcombine -dse -adse -adce -ptrLegalization -dce -auto-rom-infer -array-flatten -dce -instcombine -check-doubleptr -loop-rot -constprop -cfgopt -simplifycfg -loop-simplify -indvars -pointer-simplify -dce -loop-bound -loop-simplify -loop-preproc -constprop -global-constprop -gvn -mem2reg -instcombine -dce -loop-bound -loop-merge -dce -bitwidthmin -deadargelim -dce -canonicalize-dataflow -dce -scalar-propagation -deadargelim -globaldce -mem2reg -read-loop-dep -interface-preproc -directive-preproc -interface-gen -bram-byte-enable -deadargelim -inst-simplify -dce -gvn -mem2reg -instcombine -dce -adse -loop-bound -instcombine -cfgopt -simplifycfg -loop-simplify -clean-region -io-protocol -find-region -mem2reg -bitop-raise -inst-simplify -inst-rectify -instcombine -adce -deadargelim -loop-simplify -phi-opt -bitop-raise -cfgopt -simplifycfg -strip-dead-prototypes -interface-lower -bitop-lower -intrinsic-lower -auto-function-inline -basicaa -aggrmodref-aa -globalsmodref-aa -aggr-aa -inst-simplify -simplifycfg -loop-simplify -mergereturn -inst-simplify -inst-rectify -dce -load-elim -bitop-lower -loop-rewind -pointer-simplify -dce -cfgopt -dce -bitwidth -loop-bound -loop-dep -read-loop-dep -dce -check-stream -norm-name -legalize -validate-dataflow -inst-clarity -cdfg-build C:/Users/Sharif/Desktop/simple_CONV_master_AXI2_resize_directive/CNN/solution1/.autopilot/db/a.o.2.bc -o C:/Users/Sharif/Desktop/simple_CONV_master_AXI2_resize_directive/CNN/solution1/.autopilot/db/a.o.3.bc -f -phase build-ssdm 
INFO: [XFORM 203-541] Flattening a loop nest 'Loop-1' (source/CNN.cpp:28:6) in function 'CONV'.
INFO: [XFORM 203-541] Flattening a loop nest 'Loop-2' (source/CNN.cpp:37:7) in function 'CONV'.
INFO: [XFORM 203-541] Flattening a loop nest 'Loop-3.1.1' (source/CNN.cpp:51:9) in function 'CONV'.
INFO: [XFORM 203-541] Flattening a loop nest 'Loop-3.1' (source/CNN.cpp:50:7) in function 'CONV'.
INFO: [XFORM 203-541] Flattening a loop nest 'Loop-3' (source/CNN.cpp:49:6) in function 'CONV'.
WARNING: [XFORM 203-542] Cannot flatten a loop nest 'CNN_label1' (source/CNN.cpp:159:32) in function 'CNN' : 

more than one sub loop.
INFO: [XFORM 203-541] Flattening a loop nest 'CNN_label0' (source/CNN.cpp:158:30) in function 'CNN'.
WARNING: [XFORM 203-561] 'Loop-4' (source/CNN.cpp:131:18) in function 'CNN' is an infinite loop.
INFO: [HLS 200-444] Inferring multiple bus burst read of a total cumulative length 10000 on port 'img_port' (source/CNN.cpp:163:5). These data requests might be further partitioned to multiple requests during RTL generation, based on max_read_burst_length or max_write_burst_length settings.
INFO: [HLS 200-444] Inferring multiple bus burst read of a total cumulative length 10000 on port 'img_port' (source/CNN.cpp:172:5). These data requests might be further partitioned to multiple requests during RTL generation, based on max_read_burst_length or max_write_burst_length settings.
INFO: [HLS 200-444] Inferring multiple bus burst read of a total cumulative length 9604 on port 'img_port' (source/CNN.cpp:174:5). These data requests might be further partitioned to multiple requests during RTL generation, based on max_read_burst_length or max_write_burst_length settings.
INFO: [HLS 200-444] Inferring multiple bus burst write of a total cumulative length 9604 on port 'img_port' (source/CNN.cpp:167:5). These data requests might be further partitioned to multiple requests during RTL generation, based on max_read_burst_length or max_write_burst_length settings.
Command         transform done; 1.936 sec.
INFO: [HLS 200-111] Finished Architecture Synthesis Time (s): cpu = 00:02:59 ; elapsed = 00:03:16 . Memory (MB): peak = 168.488 ; gain = 82.508
INFO-FLOW: Finish building internal data model.
Command       opt_and_import_c done; 190.06 sec.
Command     elaborate done; 195.355 sec.
Execute     autosyn -from_csynth_design=1 
INFO: [HLS 200-10] Starting hardware synthesis ...
INFO-FLOW: Synthesizing C/C++ design ...
INFO: [HLS 200-10] Synthesizing 'CNN' ...
Execute       ap_set_top_model CNN 
Execute       get_model_list CNN -filter all-wo-channel -topdown 
Execute       preproc_iomode -model CNN 
Execute       preproc_iomode -model CONV 
Execute       get_model_list CNN -filter all-wo-channel 
INFO-FLOW: Model list for configure: CONV CNN
INFO-FLOW: Configuring Module : CONV ...
Execute       set_default_model CONV 
Execute       apply_spec_resource_limit CONV 
INFO-FLOW: Configuring Module : CNN ...
Execute       set_default_model CNN 
Execute       apply_spec_resource_limit CNN 
INFO-FLOW: Model list for preprocess: CONV CNN
INFO-FLOW: Preprocessing Module: CONV ...
Execute       set_default_model CONV 
Execute       cdfg_preprocess -model CONV 
Execute       rtl_gen_preprocess CONV 
INFO-FLOW: Preprocessing Module: CNN ...
Execute       set_default_model CNN 
Execute       cdfg_preprocess -model CNN 
Execute       rtl_gen_preprocess CNN 
INFO-FLOW: Model list for synthesis: CONV CNN
INFO: [HLS 200-10] ----------------------------------------------------------------
INFO: [HLS 200-42] -- Implementing module 'CONV' 
INFO: [HLS 200-10] ----------------------------------------------------------------
Execute       set_default_model CONV 
Execute       schedule -model CONV 
INFO: [SCHED 204-11] Starting scheduling ...
INFO: [SCHED 204-61] Pipelining loop 'Loop 1'.
INFO: [SCHED 204-61] Pipelining result : Target II = 1, Final II = 1, Depth = 3.
INFO: [SCHED 204-61] Pipelining loop 'Loop 2'.
INFO: [SCHED 204-61] Pipelining result : Target II = 1, Final II = 1, Depth = 2.
INFO: [SCHED 204-61] Pipelining loop 'Loop 3'.
INFO: [SCHED 204-61] Pipelining result : Target II = 1, Final II = 1, Depth = 5.
INFO: [SCHED 204-61] Pipelining loop 'Loop 4'.
INFO: [SCHED 204-61] Pipelining result : Target II = 1, Final II = 1, Depth = 3.
INFO: [SCHED 204-11] Finished scheduling.
Command       schedule done; 0.129 sec.
INFO: [HLS 200-111]  Elapsed time: 196.41 seconds; current allocated memory: 119.549 MB.
Execute       report -o C:/Users/Sharif/Desktop/simple_CONV_master_AXI2_resize_directive/CNN/solution1/.autopilot/db/CONV.verbose.sched.rpt -verbose -f 
Execute       db_write -o C:/Users/Sharif/Desktop/simple_CONV_master_AXI2_resize_directive/CNN/solution1/.autopilot/db/CONV.sched.adb -f 
INFO-FLOW: Finish scheduling CONV.
Execute       set_default_model CONV 
Execute       bind -model CONV 
BIND OPTION: fu_weight=[ 0.0 -- 1.0 ]
BIND OPTION: model=CONV
BIND OPTION: reg_weight=[ 0.0 -- 1.0 ]
INFO: [BIND 205-100] Starting micro-architecture generation ...
INFO: [BIND 205-101] Performing variable lifetime analysis.
INFO: [BIND 205-101] Exploring resource sharing.
INFO: [BIND 205-101] Binding ...
INFO: [BIND 205-100] Finished micro-architecture generation.
INFO: [HLS 200-111]  Elapsed time: 0.148 seconds; current allocated memory: 120.238 MB.
Execute       report -o C:/Users/Sharif/Desktop/simple_CONV_master_AXI2_resize_directive/CNN/solution1/.autopilot/db/CONV.verbose.bind.rpt -verbose -f 
Command       report done; 0.11 sec.
Execute       db_write -o C:/Users/Sharif/Desktop/simple_CONV_master_AXI2_resize_directive/CNN/solution1/.autopilot/db/CONV.bind.adb -f 
INFO-FLOW: Finish binding CONV.
INFO: [HLS 200-10] ----------------------------------------------------------------
INFO: [HLS 200-42] -- Implementing module 'CNN' 
INFO: [HLS 200-10] ----------------------------------------------------------------
Execute       set_default_model CNN 
Execute       schedule -model CNN 
INFO: [SCHED 204-11] Starting scheduling ...
INFO: [SCHED 204-61] Pipelining loop 'memcpy..img_port'.
INFO: [SCHED 204-61] Pipelining result : Target II = 1, Final II = 1, Depth = 3.
INFO: [SCHED 204-61] Pipelining loop 'memcpy.img_port.'.
INFO: [SCHED 204-61] Pipelining result : Target II = 1, Final II = 1, Depth = 3.
INFO: [SCHED 204-61] Pipelining loop 'memcpy..img_port'.
INFO: [SCHED 204-61] Pipelining result : Target II = 1, Final II = 1, Depth = 3.
INFO: [SCHED 204-61] Pipelining loop 'memcpy..img_port'.
INFO: [SCHED 204-61] Pipelining result : Target II = 1, Final II = 1, Depth = 3.
INFO: [SCHED 204-11] Finished scheduling.
Command       schedule done; 0.103 sec.
INFO: [HLS 200-111]  Elapsed time: 0.286 seconds; current allocated memory: 120.832 MB.
Execute       report -o C:/Users/Sharif/Desktop/simple_CONV_master_AXI2_resize_directive/CNN/solution1/.autopilot/db/CNN.verbose.sched.rpt -verbose -f 
INFO: [HLS 200-434] Only 4 loops out of a total 6 loops have been pipelined in this design.
Execute       db_write -o C:/Users/Sharif/Desktop/simple_CONV_master_AXI2_resize_directive/CNN/solution1/.autopilot/db/CNN.sched.adb -f 
INFO-FLOW: Finish scheduling CNN.
Execute       set_default_model CNN 
Execute       bind -model CNN 
BIND OPTION: fu_weight=[ 0.0 -- 1.0 ]
BIND OPTION: model=CNN
BIND OPTION: reg_weight=[ 0.0 -- 1.0 ]
INFO: [BIND 205-100] Starting micro-architecture generation ...
INFO: [BIND 205-101] Performing variable lifetime analysis.
INFO: [BIND 205-101] Exploring resource sharing.
WARNING: [BIND 205-102] The specified resource core for memory 'buff_input_img' will be ignored if a simpler one can be used.
INFO: [BIND 205-101] Binding ...
INFO: [BIND 205-100] Finished micro-architecture generation.
INFO: [HLS 200-111]  Elapsed time: 0.221 seconds; current allocated memory: 121.440 MB.
Execute       report -o C:/Users/Sharif/Desktop/simple_CONV_master_AXI2_resize_directive/CNN/solution1/.autopilot/db/CNN.verbose.bind.rpt -verbose -f 
Command       report done; 0.161 sec.
Execute       db_write -o C:/Users/Sharif/Desktop/simple_CONV_master_AXI2_resize_directive/CNN/solution1/.autopilot/db/CNN.bind.adb -f 
INFO-FLOW: Finish binding CNN.
Execute       get_model_list CNN -filter all-wo-channel 
INFO-FLOW: Preprocessing for RTLGen ...
Execute       rtl_gen_preprocess CONV 
Execute       rtl_gen_preprocess CNN 
INFO-FLOW: Model list for RTL generation: CONV CNN
INFO: [HLS 200-10] ----------------------------------------------------------------
INFO: [HLS 200-10] -- Generating RTL for module 'CONV' 
INFO: [HLS 200-10] ----------------------------------------------------------------
Execute       get_config_rtl -prefix 
Execute       get_config_rtl -auto_prefix 
Execute       create_rtl_model CONV -vendor xilinx -mg_file C:/Users/Sharif/Desktop/simple_CONV_master_AXI2_resize_directive/CNN/solution1/.autopilot/db/CONV.compgen.tcl 
INFO: [SYN 201-210] Renamed object name 'CNN_mac_muladd_7ns_8ns_7ns_14_1_1' to 'CNN_mac_muladd_7nbkb' due to the length limit 20
INFO: [RTGEN 206-100] Generating core module 'CNN_mac_muladd_7nbkb': 3 instance(s).
INFO: [RTGEN 206-100] Finished creating RTL model for 'CONV'.
INFO: [HLS 200-111]  Elapsed time: 0.278 seconds; current allocated memory: 122.999 MB.
Execute       source C:/Users/Sharif/Desktop/simple_CONV_master_AXI2_resize_directive/CNN/solution1/.autopilot/db/CNN.rtl_wrap.cfg.tcl 
Execute       gen_rtl CONV -style xilinx -tracefl mytrace -tracefmt vcd -traceopt all -f -lang sc -o C:/Users/Sharif/Desktop/simple_CONV_master_AXI2_resize_directive/CNN/solution1/syn/systemc/CONV -synmodules CONV CNN 
Execute       gen_rtl CONV -style xilinx -f -lang vhdl -o C:/Users/Sharif/Desktop/simple_CONV_master_AXI2_resize_directive/CNN/solution1/syn/vhdl/CONV 
Execute       gen_rtl CONV -style xilinx -f -lang vlog -o C:/Users/Sharif/Desktop/simple_CONV_master_AXI2_resize_directive/CNN/solution1/syn/verilog/CONV 
Execute       gen_tb_info CONV -o C:/Users/Sharif/Desktop/simple_CONV_master_AXI2_resize_directive/CNN/solution1/.autopilot/db/CONV -p C:/Users/Sharif/Desktop/simple_CONV_master_AXI2_resize_directive/CNN/solution1/.autopilot/db 
Execute       report -model CONV -o C:/Users/Sharif/Desktop/simple_CONV_master_AXI2_resize_directive/CNN/solution1/syn/report/CONV_csynth.rpt -f 
Execute       report -model CONV -o C:/Users/Sharif/Desktop/simple_CONV_master_AXI2_resize_directive/CNN/solution1/syn/report/CONV_csynth.xml -f -x 
Execute       report -model CONV -o C:/Users/Sharif/Desktop/simple_CONV_master_AXI2_resize_directive/CNN/solution1/.autopilot/db/CONV.verbose.rpt -verbose -f 
Command       report done; 0.148 sec.
Execute       db_write -model CONV -o C:/Users/Sharif/Desktop/simple_CONV_master_AXI2_resize_directive/CNN/solution1/.autopilot/db/CONV.adb -f 
INFO: [HLS 200-10] ----------------------------------------------------------------
INFO: [HLS 200-10] -- Generating RTL for module 'CNN' 
INFO: [HLS 200-10] ----------------------------------------------------------------
Execute       get_config_rtl -prefix 
Execute       get_config_rtl -auto_prefix 
Execute       create_rtl_model CNN -vendor xilinx -mg_file C:/Users/Sharif/Desktop/simple_CONV_master_AXI2_resize_directive/CNN/solution1/.autopilot/db/CNN.compgen.tcl 
INFO: [RTGEN 206-500] Setting interface mode on port 'CNN/img_port' to 'm_axi'.
INFO: [RTGEN 206-500] Setting interface mode on port 'CNN/kernel' to 'ap_memory'.
INFO: [RTGEN 206-500] Setting interface mode on port 'CNN/bias' to 'ap_memory'.
INFO: [RTGEN 206-500] Setting interface mode on function 'CNN' to 'ap_ctrl_hs'.
INFO: [SYN 201-210] Renamed object name 'CNN_mac_muladd_15ns_4ns_16ns_17_1_1' to 'CNN_mac_muladd_15cud' due to the length limit 20
INFO: [SYN 201-210] Renamed object name 'CNN_mac_muladd_4ns_15ns_16ns_17_1_1' to 'CNN_mac_muladd_4ndEe' due to the length limit 20
INFO: [RTGEN 206-100] Generating core module 'CNN_mac_muladd_15cud': 1 instance(s).
INFO: [RTGEN 206-100] Generating core module 'CNN_mac_muladd_4ndEe': 1 instance(s).
INFO: [RTGEN 206-100] Finished creating RTL model for 'CNN'.
INFO: [HLS 200-111]  Elapsed time: 0.716 seconds; current allocated memory: 125.040 MB.
Execute       source C:/Users/Sharif/Desktop/simple_CONV_master_AXI2_resize_directive/CNN/solution1/.autopilot/db/CNN.rtl_wrap.cfg.tcl 
Execute       gen_rtl CNN -istop -style xilinx -tracefl mytrace -tracefmt vcd -traceopt all -f -lang sc -o C:/Users/Sharif/Desktop/simple_CONV_master_AXI2_resize_directive/CNN/solution1/syn/systemc/CNN -synmodules CONV CNN 
Execute       gen_rtl CNN -istop -style xilinx -f -lang vhdl -o C:/Users/Sharif/Desktop/simple_CONV_master_AXI2_resize_directive/CNN/solution1/syn/vhdl/CNN 
Execute       gen_rtl CNN -istop -style xilinx -f -lang vlog -o C:/Users/Sharif/Desktop/simple_CONV_master_AXI2_resize_directive/CNN/solution1/syn/verilog/CNN 
Execute       export_constraint_db -o C:/Users/Sharif/Desktop/simple_CONV_master_AXI2_resize_directive/CNN/solution1/.autopilot/db/CNN.constraint.tcl -f -tool general 
Execute       report -model CNN -o C:/Users/Sharif/Desktop/simple_CONV_master_AXI2_resize_directive/CNN/solution1/.autopilot/db/CNN.design.xml -verbose -f -dv 
Command       report done; 0.111 sec.
Execute       report -model CNN -o C:/Users/Sharif/Desktop/simple_CONV_master_AXI2_resize_directive/CNN/solution1/.autopilot/db/CNN.sdaccel.xml -verbose -f -sdaccel 
Execute       gen_tb_info CNN -o C:/Users/Sharif/Desktop/simple_CONV_master_AXI2_resize_directive/CNN/solution1/.autopilot/db/CNN -p C:/Users/Sharif/Desktop/simple_CONV_master_AXI2_resize_directive/CNN/solution1/.autopilot/db 
Execute       report -model CNN -o C:/Users/Sharif/Desktop/simple_CONV_master_AXI2_resize_directive/CNN/solution1/syn/report/CNN_csynth.rpt -f 
Execute       report -model CNN -o C:/Users/Sharif/Desktop/simple_CONV_master_AXI2_resize_directive/CNN/solution1/syn/report/CNN_csynth.xml -f -x 
Execute       report -model CNN -o C:/Users/Sharif/Desktop/simple_CONV_master_AXI2_resize_directive/CNN/solution1/.autopilot/db/CNN.verbose.rpt -verbose -f 
Command       report done; 0.172 sec.
Execute       db_write -model CNN -o C:/Users/Sharif/Desktop/simple_CONV_master_AXI2_resize_directive/CNN/solution1/.autopilot/db/CNN.adb -f 
Execute       sc_get_clocks CNN 
Execute       get_config_export -vivado_clock 
Execute       sc_get_portdomain CNN 
INFO-FLOW: Model list for RTL component generation: CONV CNN
INFO-FLOW: Handling components in module [CONV] ... 
Execute       source C:/Users/Sharif/Desktop/simple_CONV_master_AXI2_resize_directive/CNN/solution1/.autopilot/db/CONV.compgen.tcl 
INFO-FLOW: Found component CNN_mac_muladd_7nbkb.
INFO-FLOW: Append model CNN_mac_muladd_7nbkb
INFO-FLOW: Found component CONV_IBRAM.
INFO-FLOW: Append model CONV_IBRAM
INFO-FLOW: Found component CONV_OBRAM.
INFO-FLOW: Append model CONV_OBRAM
INFO-FLOW: Found component CONV_WBRAM.
INFO-FLOW: Append model CONV_WBRAM
INFO-FLOW: Handling components in module [CNN] ... 
Execute       source C:/Users/Sharif/Desktop/simple_CONV_master_AXI2_resize_directive/CNN/solution1/.autopilot/db/CNN.compgen.tcl 
INFO-FLOW: Found component CNN_mac_muladd_15cud.
INFO-FLOW: Append model CNN_mac_muladd_15cud
INFO-FLOW: Found component CNN_mac_muladd_4ndEe.
INFO-FLOW: Append model CNN_mac_muladd_4ndEe
INFO-FLOW: Found component CNN_buff_input_img.
INFO-FLOW: Append model CNN_buff_input_img
INFO-FLOW: Found component CNN_buff_output_img.
INFO-FLOW: Append model CNN_buff_output_img
INFO-FLOW: Found component CNN_img_port_m_axi.
INFO-FLOW: Append model CNN_img_port_m_axi
INFO-FLOW: Append model CONV
INFO-FLOW: Append model CNN
INFO-FLOW: Generating RTL model list ...
INFO-FLOW: All models in this session: CNN_mac_muladd_7nbkb CONV_IBRAM CONV_OBRAM CONV_WBRAM CNN_mac_muladd_15cud CNN_mac_muladd_4ndEe CNN_buff_input_img CNN_buff_output_img CNN_img_port_m_axi CONV CNN
INFO-FLOW: To file: write model CNN_mac_muladd_7nbkb
INFO-FLOW: To file: write model CONV_IBRAM
INFO-FLOW: To file: write model CONV_OBRAM
INFO-FLOW: To file: write model CONV_WBRAM
INFO-FLOW: To file: write model CNN_mac_muladd_15cud
INFO-FLOW: To file: write model CNN_mac_muladd_4ndEe
INFO-FLOW: To file: write model CNN_buff_input_img
INFO-FLOW: To file: write model CNN_buff_output_img
INFO-FLOW: To file: write model CNN_img_port_m_axi
INFO-FLOW: To file: write model CONV
INFO-FLOW: To file: write model CNN
INFO-FLOW: Finished generating RTL model list.


INFO-FLOW: RTL Generation done.
INFO-FLOW: CAS Generation done.
INFO-FLOW: CBC Generation done.
INFO-FLOW: DBG:CMD: auto_generate_csynth_design
INFO-FLOW: DBG:CMD:     auto_generate --sim-model -phase csynth_design -d C:/Users/Sharif/Desktop/simple_CONV_master_AXI2_resize_directive/CNN/solution1
Execute       source C:/Users/Sharif/Desktop/simple_CONV_master_AXI2_resize_directive/CNN/solution1/.autopilot/db/global.setting.tcl 
INFO-FLOW: DBG:CMD: read_platform_lib C:/Users/Sharif/Desktop/simple_CONV_master_AXI2_resize_directive/CNN/solution1/.autopilot/db/global.setting.tcl
Execute       source D:/Vivado/2018.3/common/technology/generic/autopilot/common.gen 
Execute         source D:/Vivado/2018.3/common/technology/generic/autopilot/APCoreGen.gen 
Execute       source D:/Vivado/2018.3/common/technology/generic/autopilot/op.gen 
Execute       source D:/Vivado/2018.3/common/technology/generic/autopilot/op_simcore.gen 
Execute       source D:/Vivado/2018.3/common/technology/generic/autopilot/interface.gen 
Execute       source C:/Users/Sharif/Desktop/simple_CONV_master_AXI2_resize_directive/CNN/solution1/.autopilot/db/global.setting.tcl 
Execute       source D:/Vivado/2018.3/common/technology/xilinx/zynq/zynq.gen 
Execute         source D:/Vivado/2018.3/common/technology/xilinx/common/virtex.gen 
Execute           source D:/Vivado/2018.3/common/technology/xilinx/common/xilinx.gen 
Execute             source D:/Vivado/2018.3/common/technology/xilinx/interface/plb46.gen 
Execute             source D:/Vivado/2018.3/common/technology/xilinx/interface/fsl.gen 
Execute             source D:/Vivado/2018.3/common/technology/xilinx/interface/axi4.gen 
Execute             source D:/Vivado/2018.3/common/technology/xilinx/interface/nativeAXI4.gen 
Execute               source D:/Vivado/2018.3/common/technology/xilinx/interface/saxilite.gen 
Execute               source D:/Vivado/2018.3/common/technology/xilinx/interface/maxi.gen 
Execute             source D:/Vivado/2018.3/common/technology/xilinx/scripts/xilinxcoregen.gen 
Execute             source D:/Vivado/2018.3/common/technology/xilinx/interface/XilEDKCoreGen.gen 
Execute             source D:/Vivado/2018.3/common/technology/xilinx/ip/dds_compiler.gen 
Execute             source D:/Vivado/2018.3/common/technology/xilinx/ip/util.gen 
Execute             source D:/Vivado/2018.3/common/technology/xilinx/ip/xfft.gen 
Execute             source D:/Vivado/2018.3/common/technology/xilinx/ip/xfir.gen 
Command           ap_source done; 0.145 sec.
Execute           source D:/Vivado/2018.3/common/technology/xilinx/common/dsp48.gen 
Command         ap_source done; 0.147 sec.
Command       ap_source done; 0.147 sec.
Execute       source D:/Vivado/2018.3/common/technology/xilinx/zynq/zynq_fpv6.gen 
Execute         source D:/Vivado/2018.3/common/technology/xilinx/common/xilinx_fpv6.gen 
INFO-FLOW: DBG:CMD:   using AESL_AUTOCG::g_clock_period=10.000 (was NA)
INFO-FLOW: DBG:CMD:       generate_ip_cores sim=1 export=0 expOnly=0 dstVlogDir=syn/verilog
Execute       source C:/Users/Sharif/Desktop/simple_CONV_master_AXI2_resize_directive/CNN/solution1/.autopilot/db/global.setting.tcl 
Execute       source C:/Users/Sharif/Desktop/simple_CONV_master_AXI2_resize_directive/CNN/solution1/.autopilot/db/global.setting.tcl 
Execute       source C:/Users/Sharif/Desktop/simple_CONV_master_AXI2_resize_directive/CNN/solution1/.autopilot/db/global.setting.tcl 
Execute       source C:/Users/Sharif/Desktop/simple_CONV_master_AXI2_resize_directive/CNN/solution1/.autopilot/db/CONV.compgen.tcl 
INFO: [RTMG 210-278] Implementing memory 'CONV_IBRAM_ram (RAM)' using block RAMs.
INFO: [RTMG 210-278] Implementing memory 'CONV_OBRAM_ram (RAM)' using block RAMs.
INFO: [RTMG 210-278] Implementing memory 'CONV_WBRAM_ram (RAM)' using distributed RAMs.
Execute       source C:/Users/Sharif/Desktop/simple_CONV_master_AXI2_resize_directive/CNN/solution1/.autopilot/db/CNN.compgen.tcl 
INFO: [RTMG 210-278] Implementing memory 'CNN_buff_input_img_ram (RAM_2P_BRAM)' using block RAMs.
INFO: [RTMG 210-278] Implementing memory 'CNN_buff_output_img_ram (RAM)' using block RAMs.
Command       ap_source done; 0.127 sec.
INFO-FLOW: DBG:CMD:     auto_generate -export -impltomg_flag -rtl both -tool Vivado -pcore_version 1.00.a -phase csynth_design -d C:/Users/Sharif/Desktop/simple_CONV_master_AXI2_resize_directive/CNN/solution1
Execute       source C:/Users/Sharif/Desktop/simple_CONV_master_AXI2_resize_directive/CNN/solution1/.autopilot/db/global.setting.tcl 
INFO-FLOW: DBG:CMD: read_platform_lib C:/Users/Sharif/Desktop/simple_CONV_master_AXI2_resize_directive/CNN/solution1/.autopilot/db/global.setting.tcl
Execute       source D:/Vivado/2018.3/common/technology/generic/autopilot/common.gen 
Execute         source D:/Vivado/2018.3/common/technology/generic/autopilot/APCoreGen.gen 
Execute       source D:/Vivado/2018.3/common/technology/generic/autopilot/op.gen 
Execute       source D:/Vivado/2018.3/common/technology/generic/autopilot/op_simcore.gen 
Execute       source D:/Vivado/2018.3/common/technology/generic/autopilot/interface.gen 
Execute       source C:/Users/Sharif/Desktop/simple_CONV_master_AXI2_resize_directive/CNN/solution1/.autopilot/db/global.setting.tcl 
Execute       source D:/Vivado/2018.3/common/technology/xilinx/zynq/zynq.gen 
Execute         source D:/Vivado/2018.3/common/technology/xilinx/common/virtex.gen 
Execute           source D:/Vivado/2018.3/common/technology/xilinx/common/xilinx.gen 
Execute             source D:/Vivado/2018.3/common/technology/xilinx/interface/plb46.gen 
Execute             source D:/Vivado/2018.3/common/technology/xilinx/interface/fsl.gen 
Execute             source D:/Vivado/2018.3/common/technology/xilinx/interface/axi4.gen 
Execute             source D:/Vivado/2018.3/common/technology/xilinx/interface/nativeAXI4.gen 
Execute               source D:/Vivado/2018.3/common/technology/xilinx/interface/saxilite.gen 
Execute               source D:/Vivado/2018.3/common/technology/xilinx/interface/maxi.gen 
Execute             source D:/Vivado/2018.3/common/technology/xilinx/scripts/xilinxcoregen.gen 
Execute             source D:/Vivado/2018.3/common/technology/xilinx/interface/XilEDKCoreGen.gen 
Execute             source D:/Vivado/2018.3/common/technology/xilinx/ip/dds_compiler.gen 
Execute             source D:/Vivado/2018.3/common/technology/xilinx/ip/util.gen 
Execute             source D:/Vivado/2018.3/common/technology/xilinx/ip/xfft.gen 
Execute             source D:/Vivado/2018.3/common/technology/xilinx/ip/xfir.gen 
Command           ap_source done; 0.164 sec.
Execute           source D:/Vivado/2018.3/common/technology/xilinx/common/dsp48.gen 
Command         ap_source done; 0.17 sec.
Command       ap_source done; 0.17 sec.
Execute       source D:/Vivado/2018.3/common/technology/xilinx/zynq/zynq_fpv6.gen 
Execute         source D:/Vivado/2018.3/common/technology/xilinx/common/xilinx_fpv6.gen 
INFO-FLOW: DBG:CMD:       initCTypeInfo top_module=CNN xml_exists=0
Execute       source C:/Users/Sharif/Desktop/simple_CONV_master_AXI2_resize_directive/CNN/solution1/.autopilot/db/CNN.rtl_wrap.cfg.tcl 
Execute       source C:/Users/Sharif/Desktop/simple_CONV_master_AXI2_resize_directive/CNN/solution1/.autopilot/db/CNN.rtl_wrap.cfg.tcl 
Execute       source C:/Users/Sharif/Desktop/simple_CONV_master_AXI2_resize_directive/CNN/solution1/.autopilot/db/CNN.rtl_wrap.cfg.tcl 
Execute       source C:/Users/Sharif/Desktop/simple_CONV_master_AXI2_resize_directive/CNN/solution1/.autopilot/db/CNN.tbgen.tcl 
Execute       source C:/Users/Sharif/Desktop/simple_CONV_master_AXI2_resize_directive/CNN/solution1/.autopilot/db/CNN.tbgen.tcl 
INFO-FLOW: DBG:CMD:       export_impl_rtl
INFO-FLOW: DBG:CMD:       generate_ip_cores sim=0 export=0 expOnly=0 dstVlogDir=impl/.verilog
Execute       source C:/Users/Sharif/Desktop/simple_CONV_master_AXI2_resize_directive/CNN/solution1/.autopilot/db/global.setting.tcl 
Execute       source C:/Users/Sharif/Desktop/simple_CONV_master_AXI2_resize_directive/CNN/solution1/.autopilot/db/CONV.compgen.tcl 
Execute       source C:/Users/Sharif/Desktop/simple_CONV_master_AXI2_resize_directive/CNN/solution1/.autopilot/db/CNN.compgen.tcl 
INFO-FLOW: DBG:CMD:       generate_ip_cores sim=0 export=1 expOnly=1 dstVlogDir=impl/.pcores/verilog
Execute       source C:/Users/Sharif/Desktop/simple_CONV_master_AXI2_resize_directive/CNN/solution1/.autopilot/db/global.setting.tcl 
Execute       source C:/Users/Sharif/Desktop/simple_CONV_master_AXI2_resize_directive/CNN/solution1/.autopilot/db/CONV.compgen.tcl 
Execute       source C:/Users/Sharif/Desktop/simple_CONV_master_AXI2_resize_directive/CNN/solution1/.autopilot/db/CNN.compgen.tcl 
Execute         source C:/Users/Sharif/Desktop/simple_CONV_master_AXI2_resize_directive/CNN/solution1/.autopilot/db/CNN.tbgen.tcl 
Execute         source C:/Users/Sharif/Desktop/simple_CONV_master_AXI2_resize_directive/CNN/solution1/.autopilot/db/CNN.tbgen.tcl 
INFO-FLOW: DBG:CMD:       generate_ip_cores sim=0 export=0 expOnly=0 dstVlogDir=impl/.pcores/verilog_sim
Execute       source C:/Users/Sharif/Desktop/simple_CONV_master_AXI2_resize_directive/CNN/solution1/.autopilot/db/global.setting.tcl 
Execute       source C:/Users/Sharif/Desktop/simple_CONV_master_AXI2_resize_directive/CNN/solution1/.autopilot/db/CONV.compgen.tcl 
Execute       source C:/Users/Sharif/Desktop/simple_CONV_master_AXI2_resize_directive/CNN/solution1/.autopilot/db/CNN.compgen.tcl 
Execute       source C:/Users/Sharif/Desktop/simple_CONV_master_AXI2_resize_directive/CNN/solution1/.autopilot/db/global.setting.tcl 
Execute       source C:/Users/Sharif/Desktop/simple_CONV_master_AXI2_resize_directive/CNN/solution1/.autopilot/db/CNN.constraint.tcl 
Execute       source C:/Users/Sharif/Desktop/simple_CONV_master_AXI2_resize_directive/CNN/solution1/.autopilot/db/CNN.tbgen.tcl 
INFO-FLOW: DBG:CMD:       hasPcoreIpAdapter=false #gSsdmPorts=6
INFO-FLOW: DBG:CMD: Skipping loadAnalyze_DB, #g_database=3
INFO-FLOW: DBG:CMD:       generate_json is_phase_csynth=1 g_has_adaptors=false generate_bd_files=0 #modelList=11 #gSsdmPorts=6
Execute       source C:/Users/Sharif/Desktop/simple_CONV_master_AXI2_resize_directive/CNN/solution1/.autopilot/db/global.setting.tcl 
Execute       source C:/Users/Sharif/Desktop/simple_CONV_master_AXI2_resize_directive/CNN/solution1/.autopilot/db/global.setting.tcl 
Execute       source C:/Users/Sharif/Desktop/simple_CONV_master_AXI2_resize_directive/CNN/solution1/.autopilot/db/CNN.tbgen.tcl 
Execute       source C:/Users/Sharif/Desktop/simple_CONV_master_AXI2_resize_directive/CNN/solution1/.autopilot/db/CNN.tbgen.tcl 
Execute       source C:/Users/Sharif/Desktop/simple_CONV_master_AXI2_resize_directive/CNN/solution1/.autopilot/db/global.setting.tcl 
Execute       get_config_sdx -target 
Execute       get_config_export -xo 
Execute       source C:/Users/Sharif/Desktop/simple_CONV_master_AXI2_resize_directive/CNN/solution1/.autopilot/db/global.setting.tcl 
Execute       source C:/Users/Sharif/Desktop/simple_CONV_master_AXI2_resize_directive/CNN/solution1/.autopilot/db/CNN.constraint.tcl 
Execute       sc_get_clocks CNN 
Execute       source C:/Users/Sharif/Desktop/simple_CONV_master_AXI2_resize_directive/CNN/solution1/.autopilot/db/global.setting.tcl 
Execute       get_config_sdx -target 
Execute       get_config_sdx -profile 
Execute       ::config_rtl 
INFO-FLOW: DBG:CMD: add_json_sdx_info kernel file does not exist: C:/Users/Sharif/Desktop/simple_CONV_master_AXI2_resize_directive/CNN/solution1/.autopilot/db/kernel.internal.xml
INFO-FLOW: DBG:CMD:       delete-temp-dirs (skipped for debug)
INFO: [HLS 200-111] Finished generating all RTL models Time (s): cpu = 00:03:02 ; elapsed = 00:03:20 . Memory (MB): peak = 186.414 ; gain = 100.434
INFO: [SYSC 207-301] Generating SystemC RTL for CNN.
INFO: [VHDL 208-304] Generating VHDL RTL for CNN.
INFO: [VLOG 209-307] Generating Verilog RTL for CNN.
Command     autosyn done; 3.912 sec.
Execute     get_part 
Execute     get_config_export -sdx_tcl 
Command   csynth_design done; 199.287 sec.
Command ap_source done; 199.635 sec.
Execute cleanup_all 
